[2026-02-10 19:48:27] Exception: Class "app\Controllers\Advantages" not found in /home/a0644240/domains/grola-admin.potok4.ru/public_html/app/Controllers/PageController.php on line 110

[2026-02-12 13:47:48] Exception: Class "app\Controllers\Messengers" not found in /home/a0644240/domains/grola-admin.potok4.ru/public_html/app/Controllers/PageController.php on line 28

[2026-02-12 13:47:48] Exception: Class "app\Controllers\Messengers" not found in /home/a0644240/domains/grola-admin.potok4.ru/public_html/app/Controllers/PageController.php on line 28

[2026-02-12 13:47:48] Exception: Class "app\Controllers\Messengers" not found in /home/a0644240/domains/grola-admin.potok4.ru/public_html/app/Controllers/PageController.php on line 28

[2026-02-12 13:47:49] Exception: Class "app\Controllers\Messengers" not found in /home/a0644240/domains/grola-admin.potok4.ru/public_html/app/Controllers/PageController.php on line 28

[2026-02-12 15:40:52] Exception: syntax error, unexpected token "if" in /home/a0644240/domains/grola-admin.potok4.ru/public_html/app/Controllers/PageController.php on line 40

[2026-02-12 15:40:52] Exception: syntax error, unexpected token "if" in /home/a0644240/domains/grola-admin.potok4.ru/public_html/app/Controllers/PageController.php on line 40

[2026-02-12 15:40:52] Exception: syntax error, unexpected token "if" in /home/a0644240/domains/grola-admin.potok4.ru/public_html/app/Controllers/PageController.php on line 40

[2026-02-13 13:16:30] Exception: Class "app\Models\PageMain" not found in /home/a0644240/domains/grola-admin.potok4.ru/public_html/private/modules/pages/main.php on line 14

[2026-02-13 13:16:32] Exception: Class "app\Models\PageMain" not found in /home/a0644240/domains/grola-admin.potok4.ru/public_html/private/modules/pages/main.php on line 14

[2026-02-13 13:16:33] Exception: Class "app\Models\PageMain" not found in /home/a0644240/domains/grola-admin.potok4.ru/public_html/private/modules/pages/main.php on line 14

[2026-02-13 13:16:33] Exception: Class "app\Models\PageMain" not found in /home/a0644240/domains/grola-admin.potok4.ru/public_html/private/modules/pages/main.php on line 14

[2026-02-13 13:17:05] Exception: Class "app\Models\PageMain" not found in /home/a0644240/domains/grola-admin.potok4.ru/public_html/private/modules/pages/main.php on line 14

[2026-02-13 13:18:35] Exception: Class "app\Models\PageMain" not found in /home/a0644240/domains/grola-admin.potok4.ru/public_html/private/modules/pages/main.php on line 14

[2026-02-13 13:18:45] Exception: Class "app\Models\PageMain" not found in /home/a0644240/domains/grola-admin.potok4.ru/public_html/private/modules/pages/main.php on line 14

[2026-02-13 13:39:37] Exception: Class "app\Models\PageMain" not found in /home/a0644240/domains/grola-admin.potok4.ru/public_html/private/modules/pages/main.php on line 14

[2026-02-13 13:41:06] Exception: Class "app\Models\PageMain" not found in /home/a0644240/domains/grola-admin.potok4.ru/public_html/private/modules/pages/main.php on line 14

[2026-02-13 13:41:12] Exception: Class "app\Models\PageMain" not found in /home/a0644240/domains/grola-admin.potok4.ru/public_html/private/modules/pages/main.php on line 14

[2026-02-13 13:43:56] Exception: Class "app\Models\PageMain" not found in /home/a0644240/domains/grola-admin.potok4.ru/public_html/private/modules/pages/main.php on line 14

[2026-02-13 13:43:58] Exception: Class "app\Models\PageMain" not found in /home/a0644240/domains/grola-admin.potok4.ru/public_html/private/modules/pages/main.php on line 14

[2026-02-16 13:50:55] Exception: Class "app\Controllers\Category" not found in /home/a0644240/domains/grola-admin.potok4.ru/public_html/app/Controllers/CatalogController.php on line 44

[2026-02-16 13:51:03] Exception: Class "app\Controllers\Category" not found in /home/a0644240/domains/grola-admin.potok4.ru/public_html/app/Controllers/CatalogController.php on line 44

[2026-02-16 13:56:51] Exception: Class "app\Controllers\Category" not found in /home/a0644240/domains/grola-admin.potok4.ru/public_html/app/Controllers/CatalogController.php on line 44

[2026-02-16 13:57:00] Exception: Class "app\Controllers\Category" not found in /home/a0644240/domains/grola-admin.potok4.ru/public_html/app/Controllers/CatalogController.php on line 44

[2026-02-16 13:57:04] Exception: Class "app\Controllers\Category" not found in /home/a0644240/domains/grola-admin.potok4.ru/public_html/app/Controllers/CatalogController.php on line 44

[2026-02-16 13:57:16] Exception: Class "app\Controllers\Category" not found in /home/a0644240/domains/grola-admin.potok4.ru/public_html/app/Controllers/CatalogController.php on line 44

[2026-02-19 16:02:08] Exception: syntax error, unexpected end of file, expecting "elseif" or "else" or "endif" in /home/a0644240/domains/grola-admin.potok4.ru/public_html/private/modules/banners.php on line 329

[2026-02-19 16:12:12] Exception: syntax error, unexpected end of file, expecting "elseif" or "else" or "endif" in /home/a0644240/domains/grola-admin.potok4.ru/public_html/private/modules/banners.php on line 329

[2026-02-19 16:12:16] Exception: syntax error, unexpected end of file, expecting "elseif" or "else" or "endif" in /home/a0644240/domains/grola-admin.potok4.ru/public_html/private/modules/banners.php on line 329

[2026-02-19 16:12:20] Exception: syntax error, unexpected end of file, expecting "elseif" or "else" or "endif" in /home/a0644240/domains/grola-admin.potok4.ru/public_html/private/modules/banners.php on line 329

[2026-02-19 16:59:54] Exception: syntax error, unexpected end of file, expecting "elseif" or "else" or "endif" in /home/a0644240/domains/grola-admin.potok4.ru/public_html/private/modules/banners.php on line 329

[2026-02-19 18:06:08] Exception: syntax error, unexpected end of file, expecting "elseif" or "else" or "endif" in /home/a0644240/domains/grola-admin.potok4.ru/public_html/private/modules/banners.php on line 329

[2026-02-20 17:32:30] Exception: Object of class app\View could not be converted to string in /home/a0644240/domains/grola-admin.potok4.ru/public_html/public/views/pages/catalog-card.php on line 114

[2026-02-20 19:17:16] Exception: Call to a member function escape() on null in /home/a0644240/domains/grola-admin.potok4.ru/public_html/app/Controllers/CatalogCardController.php on line 18

[2026-02-24 14:47:28] Exception: Object of class app\Models\Params could not be converted to string in /home/a0644240/domains/grola-admin.potok4.ru/public_html/public/views/pages/catalog.php on line 156

[2026-02-24 16:53:25] Exception: Class "app\Controllers\Messengers" not found in /home/a0644240/domains/grola-admin.potok4.ru/public_html/app/Controllers/CatalogCardController.php on line 32

[2026-02-24 17:25:23] Exception: app\Model::findById(): Argument #1 ($id) must be of type int, null given, called in /home/a0644240/domains/grola-admin.potok4.ru/public_html/app/Models/Categories.php on line 124 in /home/a0644240/domains/grola-admin.potok4.ru/public_html/app/Model.php on line 153

[2026-02-24 17:34:06] Exception: app\Model::findById(): Argument #1 ($id) must be of type int, null given, called in /home/a0644240/domains/grola-admin.potok4.ru/public_html/app/Models/Categories.php on line 124 in /home/a0644240/domains/grola-admin.potok4.ru/public_html/app/Model.php on line 153

[2026-02-24 17:34:09] Exception: app\Model::findById(): Argument #1 ($id) must be of type int, null given, called in /home/a0644240/domains/grola-admin.potok4.ru/public_html/app/Models/Categories.php on line 124 in /home/a0644240/domains/grola-admin.potok4.ru/public_html/app/Model.php on line 153

[2026-02-24 17:34:11] Exception: app\Model::findById(): Argument #1 ($id) must be of type int, null given, called in /home/a0644240/domains/grola-admin.potok4.ru/public_html/app/Models/Categories.php on line 124 in /home/a0644240/domains/grola-admin.potok4.ru/public_html/app/Model.php on line 153

[2026-02-24 17:34:13] Exception: app\Model::findById(): Argument #1 ($id) must be of type int, null given, called in /home/a0644240/domains/grola-admin.potok4.ru/public_html/app/Models/Categories.php on line 124 in /home/a0644240/domains/grola-admin.potok4.ru/public_html/app/Model.php on line 153

[2026-02-24 17:34:15] Exception: app\Model::findById(): Argument #1 ($id) must be of type int, null given, called in /home/a0644240/domains/grola-admin.potok4.ru/public_html/app/Models/Categories.php on line 124 in /home/a0644240/domains/grola-admin.potok4.ru/public_html/app/Model.php on line 153

[2026-02-24 17:34:16] Exception: app\Model::findById(): Argument #1 ($id) must be of type int, null given, called in /home/a0644240/domains/grola-admin.potok4.ru/public_html/app/Models/Categories.php on line 124 in /home/a0644240/domains/grola-admin.potok4.ru/public_html/app/Model.php on line 153

[2026-02-24 17:34:18] Exception: app\Model::findById(): Argument #1 ($id) must be of type int, null given, called in /home/a0644240/domains/grola-admin.potok4.ru/public_html/app/Models/Categories.php on line 124 in /home/a0644240/domains/grola-admin.potok4.ru/public_html/app/Model.php on line 153

[2026-02-24 18:58:38] Exception: Unclosed '(' in /home/a0644240/domains/grola-admin.potok4.ru/public_html/app/Controllers/CatalogController.php on line 147

[2026-02-24 18:58:39] Exception: Unclosed '(' in /home/a0644240/domains/grola-admin.potok4.ru/public_html/app/Controllers/CatalogController.php on line 147

[2026-02-25 19:07:21] Exception: syntax error, unexpected identifier "footer__address" in /home/a0644240/domains/grola-admin.potok4.ru/public_html/public/views/layouts/header.php on line 80

[2026-02-25 19:07:40] Exception: syntax error, unexpected identifier "footer__address" in /home/a0644240/domains/grola-admin.potok4.ru/public_html/public/views/layouts/header.php on line 80

[2026-02-25 19:07:43] Exception: syntax error, unexpected identifier "footer__address" in /home/a0644240/domains/grola-admin.potok4.ru/public_html/public/views/layouts/header.php on line 80

[2026-02-25 19:08:24] Exception: syntax error, unexpected identifier "footer__address" in /home/a0644240/domains/grola-admin.potok4.ru/public_html/public/views/layouts/header.php on line 80

